<?xml version="1.0" encoding="UTF-8"?>
<!-- Generated by org.testng.reporters.JUnitReportReporter -->
<testsuite hostname="seeyos-MacBook-Pro.local" failures="0" tests="1" name="com.demo.p5l2asst1.AutomateRegistration" time="135.957" errors="0" timestamp="2 Oct 2022 15:07:04 GMT">
  <testcase classname="com.demo.p5l2asst1.AutomateRegistration" name="f" time="135.957"/>
</testsuite> <!-- com.demo.p5l2asst1.AutomateRegistration -->
