<?xml version="1.0" encoding="UTF-8"?>
<!-- Generated by org.testng.reporters.JUnitReportReporter -->
<testsuite hostname="seeyos-MacBook-Pro.local" failures="0" tests="1" name="com.demo.p5l2asst1.AutomateLogin" time="24.889" errors="0" timestamp="2 Oct 2022 15:14:29 GMT">
  <testcase classname="com.demo.p5l2asst1.AutomateLogin" name="f" time="24.889"/>
</testsuite> <!-- com.demo.p5l2asst1.AutomateLogin -->
