<?xml version="1.0" encoding="UTF-8"?>
<!-- Generated by org.testng.reporters.JUnitReportReporter -->
<testsuite hostname="seeyos-MacBook-Pro.local" failures="0" tests="2" name="com.demo.p5l2asst1.alltest" time="0.010" errors="0" timestamp="2 Oct 2022 14:14:43 GMT">
  <testcase classname="com.demo.p5l2asst1.alltest" name="Hello" time="0.007"/>
  <testcase classname="com.demo.p5l2asst1.alltest" name="Hello1" time="0.003"/>
</testsuite> <!-- com.demo.p5l2asst1.alltest -->
