<?xml version="1.0" encoding="UTF-8"?>
<!-- Generated by org.testng.reporters.JUnitReportReporter -->
<testsuite hostname="seeyos-MacBook-Pro.local" failures="0" tests="1" name="com.demo.p5l2asst1.Assertion" time="12.556" errors="0" timestamp="2 Oct 2022 14:40:51 GMT">
  <testcase classname="com.demo.p5l2asst1.Assertion" name="TitleTest" time="12.556"/>
</testsuite> <!-- com.demo.p5l2asst1.Assertion -->
